2025-01-26T17:59:13.406+05:30  INFO 7688 --- [demo] [main] com.example.demo.DemoApplication         : Starting DemoApplication using Java 21.0.3 with PID 7688 (E:\Zoho L3\BookStore\demo\target\classes started by GOD in E:\Zoho L3\BookStore\demo)
2025-01-26T17:59:13.532+05:30 DEBUG 7688 --- [demo] [main] com.example.demo.DemoApplication         : Running with Spring Boot v3.3.5, Spring v6.1.14
2025-01-26T17:59:13.565+05:30  INFO 7688 --- [demo] [main] com.example.demo.DemoApplication         : No active profile set, falling back to 1 default profile: "default"
2025-01-26T17:59:20.949+05:30  INFO 7688 --- [demo] [main] .s.d.r.c.RepositoryConfigurationDelegate : Multiple Spring Data modules found, entering strict repository configuration mode
2025-01-26T17:59:21.037+05:30  INFO 7688 --- [demo] [main] .s.d.r.c.RepositoryConfigurationDelegate : Bootstrapping Spring Data JPA repositories in DEFAULT mode.
2025-01-26T17:59:21.795+05:30  INFO 7688 --- [demo] [main] .s.d.r.c.RepositoryConfigurationDelegate : Finished Spring Data repository scanning in 735 ms. Found 5 JPA repository interfaces.
2025-01-26T17:59:21.989+05:30  INFO 7688 --- [demo] [main] .s.d.r.c.RepositoryConfigurationDelegate : Multiple Spring Data modules found, entering strict repository configuration mode
2025-01-26T17:59:22.111+05:30  INFO 7688 --- [demo] [main] .s.d.r.c.RepositoryConfigurationDelegate : Bootstrapping Spring Data Redis repositories in DEFAULT mode.
2025-01-26T17:59:22.253+05:30  INFO 7688 --- [demo] [main] .RepositoryConfigurationExtensionSupport : Spring Data Redis - Could not safely identify store assignment for repository candidate interface com.example.demo.BookStore.BookRepo; If you want this repository to be a Redis repository, consider annotating your entities with one of these annotations: org.springframework.data.redis.core.RedisHash (preferred), or consider extending one of the following types with your repository: org.springframework.data.keyvalue.repository.KeyValueRepository
2025-01-26T17:59:22.286+05:30  INFO 7688 --- [demo] [main] .RepositoryConfigurationExtensionSupport : Spring Data Redis - Could not safely identify store assignment for repository candidate interface com.example.demo.Category.CategoryRepo; If you want this repository to be a Redis repository, consider annotating your entities with one of these annotations: org.springframework.data.redis.core.RedisHash (preferred), or consider extending one of the following types with your repository: org.springframework.data.keyvalue.repository.KeyValueRepository
2025-01-26T17:59:22.295+05:30  INFO 7688 --- [demo] [main] .RepositoryConfigurationExtensionSupport : Spring Data Redis - Could not safely identify store assignment for repository candidate interface com.example.demo.Order.OrderRepo; If you want this repository to be a Redis repository, consider annotating your entities with one of these annotations: org.springframework.data.redis.core.RedisHash (preferred), or consider extending one of the following types with your repository: org.springframework.data.keyvalue.repository.KeyValueRepository
2025-01-26T17:59:22.304+05:30  INFO 7688 --- [demo] [main] .RepositoryConfigurationExtensionSupport : Spring Data Redis - Could not safely identify store assignment for repository candidate interface com.example.demo.Publisher.PublisherRepo; If you want this repository to be a Redis repository, consider annotating your entities with one of these annotations: org.springframework.data.redis.core.RedisHash (preferred), or consider extending one of the following types with your repository: org.springframework.data.keyvalue.repository.KeyValueRepository
2025-01-26T17:59:22.309+05:30  INFO 7688 --- [demo] [main] .RepositoryConfigurationExtensionSupport : Spring Data Redis - Could not safely identify store assignment for repository candidate interface com.example.demo.User.UserRepo; If you want this repository to be a Redis repository, consider annotating your entities with one of these annotations: org.springframework.data.redis.core.RedisHash (preferred), or consider extending one of the following types with your repository: org.springframework.data.keyvalue.repository.KeyValueRepository
2025-01-26T17:59:22.315+05:30  INFO 7688 --- [demo] [main] .s.d.r.c.RepositoryConfigurationDelegate : Finished Spring Data repository scanning in 145 ms. Found 0 Redis repository interfaces.
2025-01-26T17:59:26.967+05:30  INFO 7688 --- [demo] [main] o.s.b.w.embedded.tomcat.TomcatWebServer  : Tomcat initialized with port 8080 (http)
2025-01-26T17:59:27.373+05:30  INFO 7688 --- [demo] [main] o.apache.catalina.core.StandardService   : Starting service [Tomcat]
2025-01-26T17:59:27.389+05:30  INFO 7688 --- [demo] [main] o.apache.catalina.core.StandardEngine    : Starting Servlet engine: [Apache Tomcat/10.1.31]
2025-01-26T17:59:28.439+05:30  INFO 7688 --- [demo] [main] o.a.c.c.C.[Tomcat].[localhost].[/]       : Initializing Spring embedded WebApplicationContext
2025-01-26T17:59:28.454+05:30  INFO 7688 --- [demo] [main] w.s.c.ServletWebServerApplicationContext : Root WebApplicationContext: initialization completed in 14254 ms
2025-01-26T17:59:29.018+05:30 DEBUG 7688 --- [demo] [main] com.example.demo.config.JwtFilter        : Filter 'jwtFilter' configured for use
2025-01-26T17:59:30.976+05:30  INFO 7688 --- [demo] [main] o.hibernate.jpa.internal.util.LogHelper  : HHH000204: Processing PersistenceUnitInfo [name: default]
2025-01-26T17:59:31.439+05:30  INFO 7688 --- [demo] [main] org.hibernate.Version                    : HHH000412: Hibernate ORM core version 6.5.3.Final
2025-01-26T17:59:31.662+05:30  INFO 7688 --- [demo] [main] o.h.c.internal.RegionFactoryInitiator    : HHH000026: Second-level cache disabled
2025-01-26T17:59:33.566+05:30  INFO 7688 --- [demo] [main] o.s.o.j.p.SpringPersistenceUnitInfo      : No LoadTimeWeaver setup: ignoring JPA class transformer
2025-01-26T17:59:33.734+05:30  INFO 7688 --- [demo] [main] com.zaxxer.hikari.HikariDataSource       : HikariPool-1 - Starting...
2025-01-26T17:59:39.156+05:30  INFO 7688 --- [demo] [main] com.zaxxer.hikari.pool.HikariPool        : HikariPool-1 - Added connection com.mysql.cj.jdbc.ConnectionImpl@38caad07
2025-01-26T17:59:39.172+05:30  INFO 7688 --- [demo] [main] com.zaxxer.hikari.HikariDataSource       : HikariPool-1 - Start completed.
2025-01-26T17:59:47.049+05:30  INFO 7688 --- [demo] [main] o.h.e.t.j.p.i.JtaPlatformInitiator       : HHH000489: No JTA platform available (set 'hibernate.transaction.jta.platform' to enable JTA platform integration)
2025-01-26T17:59:49.890+05:30  INFO 7688 --- [demo] [main] j.LocalContainerEntityManagerFactoryBean : Initialized JPA EntityManagerFactory for persistence unit 'default'
2025-01-26T17:59:52.375+05:30  INFO 7688 --- [demo] [main] o.s.d.j.r.query.QueryEnhancerFactory     : Hibernate is in classpath; If applicable, HQL parser will be used.
2025-01-26T17:59:57.641+05:30  INFO 7688 --- [demo] [main] eAuthenticationProviderManagerConfigurer : Global AuthenticationManager configured with AuthenticationProvider bean with name authenticationProvider
2025-01-26T17:59:57.657+05:30  WARN 7688 --- [demo] [main] r$InitializeUserDetailsManagerConfigurer : Global AuthenticationManager configured with an AuthenticationProvider bean. UserDetailsService beans will not be used for username/password login. Consider removing the AuthenticationProvider bean. Alternatively, consider using the UserDetailsService in a manually instantiated DaoAuthenticationProvider.
2025-01-26T17:59:58.282+05:30  WARN 7688 --- [demo] [main] JpaBaseConfiguration$JpaWebConfiguration : spring.jpa.open-in-view is enabled by default. Therefore, database queries may be performed during view rendering. Explicitly configure spring.jpa.open-in-view to disable this warning
2025-01-26T18:00:05.034+05:30  INFO 7688 --- [demo] [main] o.s.b.w.embedded.tomcat.TomcatWebServer  : Tomcat started on port 8080 (http) with context path '/'
2025-01-26T18:00:05.090+05:30  INFO 7688 --- [demo] [main] com.example.demo.DemoApplication         : Started DemoApplication in 55.717 seconds (process running for 57.764)
2025-01-26T18:04:23.159+05:30  INFO 7688 --- [demo] [http-nio-8080-exec-2] o.a.c.c.C.[Tomcat].[localhost].[/]       : Initializing Spring DispatcherServlet 'dispatcherServlet'
2025-01-26T18:04:23.176+05:30  INFO 7688 --- [demo] [http-nio-8080-exec-2] o.s.web.servlet.DispatcherServlet        : Initializing Servlet 'dispatcherServlet'
2025-01-26T18:04:23.195+05:30  INFO 7688 --- [demo] [http-nio-8080-exec-2] o.s.web.servlet.DispatcherServlet        : Completed initialization in 2 ms
2025-01-26T18:10:27.157+05:30  INFO 8972 --- [demo] [main] com.example.demo.DemoApplication         : Starting DemoApplication using Java 21.0.3 with PID 8972 (E:\Zoho L3\BookStore\demo\target\classes started by GOD in E:\Zoho L3\BookStore\demo)
2025-01-26T18:10:27.657+05:30 DEBUG 8972 --- [demo] [main] com.example.demo.DemoApplication         : Running with Spring Boot v3.3.5, Spring v6.1.14
2025-01-26T18:10:27.728+05:30  INFO 8972 --- [demo] [main] com.example.demo.DemoApplication         : No active profile set, falling back to 1 default profile: "default"
2025-01-26T18:10:37.819+05:30  INFO 8972 --- [demo] [main] .s.d.r.c.RepositoryConfigurationDelegate : Multiple Spring Data modules found, entering strict repository configuration mode
2025-01-26T18:10:37.915+05:30  INFO 8972 --- [demo] [main] .s.d.r.c.RepositoryConfigurationDelegate : Bootstrapping Spring Data JPA repositories in DEFAULT mode.
2025-01-26T18:10:39.383+05:30  INFO 8972 --- [demo] [main] .s.d.r.c.RepositoryConfigurationDelegate : Finished Spring Data repository scanning in 1391 ms. Found 5 JPA repository interfaces.
2025-01-26T18:10:39.659+05:30  INFO 8972 --- [demo] [main] .s.d.r.c.RepositoryConfigurationDelegate : Multiple Spring Data modules found, entering strict repository configuration mode
2025-01-26T18:10:39.664+05:30  INFO 8972 --- [demo] [main] .s.d.r.c.RepositoryConfigurationDelegate : Bootstrapping Spring Data Redis repositories in DEFAULT mode.
2025-01-26T18:10:39.794+05:30  INFO 8972 --- [demo] [main] .RepositoryConfigurationExtensionSupport : Spring Data Redis - Could not safely identify store assignment for repository candidate interface com.example.demo.BookStore.BookRepo; If you want this repository to be a Redis repository, consider annotating your entities with one of these annotations: org.springframework.data.redis.core.RedisHash (preferred), or consider extending one of the following types with your repository: org.springframework.data.keyvalue.repository.KeyValueRepository
2025-01-26T18:10:39.798+05:30  INFO 8972 --- [demo] [main] .RepositoryConfigurationExtensionSupport : Spring Data Redis - Could not safely identify store assignment for repository candidate interface com.example.demo.Category.CategoryRepo; If you want this repository to be a Redis repository, consider annotating your entities with one of these annotations: org.springframework.data.redis.core.RedisHash (preferred), or consider extending one of the following types with your repository: org.springframework.data.keyvalue.repository.KeyValueRepository
2025-01-26T18:10:39.806+05:30  INFO 8972 --- [demo] [main] .RepositoryConfigurationExtensionSupport : Spring Data Redis - Could not safely identify store assignment for repository candidate interface com.example.demo.Order.OrderRepo; If you want this repository to be a Redis repository, consider annotating your entities with one of these annotations: org.springframework.data.redis.core.RedisHash (preferred), or consider extending one of the following types with your repository: org.springframework.data.keyvalue.repository.KeyValueRepository
2025-01-26T18:10:39.814+05:30  INFO 8972 --- [demo] [main] .RepositoryConfigurationExtensionSupport : Spring Data Redis - Could not safely identify store assignment for repository candidate interface com.example.demo.Publisher.PublisherRepo; If you want this repository to be a Redis repository, consider annotating your entities with one of these annotations: org.springframework.data.redis.core.RedisHash (preferred), or consider extending one of the following types with your repository: org.springframework.data.keyvalue.repository.KeyValueRepository
2025-01-26T18:10:39.834+05:30  INFO 8972 --- [demo] [main] .RepositoryConfigurationExtensionSupport : Spring Data Redis - Could not safely identify store assignment for repository candidate interface com.example.demo.User.UserRepo; If you want this repository to be a Redis repository, consider annotating your entities with one of these annotations: org.springframework.data.redis.core.RedisHash (preferred), or consider extending one of the following types with your repository: org.springframework.data.keyvalue.repository.KeyValueRepository
2025-01-26T18:10:39.838+05:30  INFO 8972 --- [demo] [main] .s.d.r.c.RepositoryConfigurationDelegate : Finished Spring Data repository scanning in 93 ms. Found 0 Redis repository interfaces.
2025-01-26T18:10:49.982+05:30  INFO 8972 --- [demo] [main] o.s.b.w.embedded.tomcat.TomcatWebServer  : Tomcat initialized with port 8080 (http)
2025-01-26T18:10:50.326+05:30  INFO 8972 --- [demo] [main] o.apache.catalina.core.StandardService   : Starting service [Tomcat]
2025-01-26T18:10:50.332+05:30  INFO 8972 --- [demo] [main] o.apache.catalina.core.StandardEngine    : Starting Servlet engine: [Apache Tomcat/10.1.31]
2025-01-26T18:10:52.335+05:30  INFO 8972 --- [demo] [main] o.a.c.c.C.[Tomcat].[localhost].[/]       : Initializing Spring embedded WebApplicationContext
2025-01-26T18:10:52.342+05:30  INFO 8972 --- [demo] [main] w.s.c.ServletWebServerApplicationContext : Root WebApplicationContext: initialization completed in 23393 ms
2025-01-26T18:10:53.552+05:30 DEBUG 8972 --- [demo] [main] com.example.demo.config.JwtFilter        : Filter 'jwtFilter' configured for use
2025-01-26T18:10:56.978+05:30  INFO 8972 --- [demo] [main] o.hibernate.jpa.internal.util.LogHelper  : HHH000204: Processing PersistenceUnitInfo [name: default]
2025-01-26T18:10:59.234+05:30  INFO 8972 --- [demo] [main] org.hibernate.Version                    : HHH000412: Hibernate ORM core version 6.5.3.Final
2025-01-26T18:11:00.594+05:30  INFO 8972 --- [demo] [main] o.h.c.internal.RegionFactoryInitiator    : HHH000026: Second-level cache disabled
2025-01-26T18:11:05.995+05:30  INFO 8972 --- [demo] [main] o.s.o.j.p.SpringPersistenceUnitInfo      : No LoadTimeWeaver setup: ignoring JPA class transformer
2025-01-26T18:11:06.335+05:30  INFO 8972 --- [demo] [main] com.zaxxer.hikari.HikariDataSource       : HikariPool-1 - Starting...
2025-01-26T18:11:14.667+05:30  INFO 8972 --- [demo] [main] com.zaxxer.hikari.pool.HikariPool        : HikariPool-1 - Added connection com.mysql.cj.jdbc.ConnectionImpl@15d0b458
2025-01-26T18:11:14.672+05:30  INFO 8972 --- [demo] [main] com.zaxxer.hikari.HikariDataSource       : HikariPool-1 - Start completed.
2025-01-26T18:11:23.604+05:30  INFO 8972 --- [demo] [main] o.h.e.t.j.p.i.JtaPlatformInitiator       : HHH000489: No JTA platform available (set 'hibernate.transaction.jta.platform' to enable JTA platform integration)
2025-01-26T18:11:24.736+05:30  INFO 8972 --- [demo] [main] j.LocalContainerEntityManagerFactoryBean : Initialized JPA EntityManagerFactory for persistence unit 'default'
2025-01-26T18:11:27.637+05:30  INFO 8972 --- [demo] [main] o.s.d.j.r.query.QueryEnhancerFactory     : Hibernate is in classpath; If applicable, HQL parser will be used.
2025-01-26T18:11:32.406+05:30  INFO 8972 --- [demo] [main] eAuthenticationProviderManagerConfigurer : Global AuthenticationManager configured with AuthenticationProvider bean with name authenticationProvider
2025-01-26T18:11:32.412+05:30  WARN 8972 --- [demo] [main] r$InitializeUserDetailsManagerConfigurer : Global AuthenticationManager configured with an AuthenticationProvider bean. UserDetailsService beans will not be used for username/password login. Consider removing the AuthenticationProvider bean. Alternatively, consider using the UserDetailsService in a manually instantiated DaoAuthenticationProvider.
2025-01-26T18:11:33.471+05:30  WARN 8972 --- [demo] [main] JpaBaseConfiguration$JpaWebConfiguration : spring.jpa.open-in-view is enabled by default. Therefore, database queries may be performed during view rendering. Explicitly configure spring.jpa.open-in-view to disable this warning
2025-01-26T18:11:40.953+05:30  INFO 8972 --- [demo] [main] o.s.b.w.embedded.tomcat.TomcatWebServer  : Tomcat started on port 8080 (http) with context path '/'
2025-01-26T18:11:41.039+05:30  INFO 8972 --- [demo] [main] com.example.demo.DemoApplication         : Started DemoApplication in 78.337 seconds (process running for 80.408)
2025-01-26T18:11:51.499+05:30  INFO 8972 --- [demo] [http-nio-8080-exec-1] o.a.c.c.C.[Tomcat].[localhost].[/]       : Initializing Spring DispatcherServlet 'dispatcherServlet'
2025-01-26T18:11:51.627+05:30  INFO 8972 --- [demo] [http-nio-8080-exec-1] o.s.web.servlet.DispatcherServlet        : Initializing Servlet 'dispatcherServlet'
2025-01-26T18:11:51.768+05:30  INFO 8972 --- [demo] [http-nio-8080-exec-1] o.s.web.servlet.DispatcherServlet        : Completed initialization in 4 ms
2025-01-26T18:12:15.059+05:30 TRACE 8972 --- [demo] [http-nio-8080-exec-3] com.example.demo.BookStore.BookService   : getAllBooks() : Mehod called
2025-01-26T18:12:15.077+05:30 TRACE 8972 --- [demo] [http-nio-8080-exec-3] com.example.demo.BookStore.BookService   : cache is empty,fetching data from database
